Build started 2017/1/28 11:40:54.
     1>Project "C:\Users\FenXy\Desktop\ECS279_Assignment1_Yiran_Wang\ECS279_Assignment1_Yiran_Wang\IkGlui\IkGlui\IkGlui.vcxproj" on node 2 (Build target(s)).
     1>ClCompile:
         C:\Program Files (x86)\Microsoft Visual Studio 12.0\VC\bin\CL.exe /c /Zi /nologo /W3 /WX- /sdl /O2 /Oi /Oy- /GL /D WIN32 /D NDEBUG /D _CONSOLE /D _LIB /D _CRT_SECURE_NO_WARNINGS /D _UNICODE /D UNICODE /Gm- /EHsc /MD /GS /Gy /fp:precise /Zc:wchar_t /Zc:forScope /Fo"Release\\" /Fd"Release\vc120.pdb" /Gd /TP /analyze- /errorReport:prompt IKTest.cpp stdafx.cpp
         IKTest.cpp
         stdafx.cpp
       Link:
         C:\Program Files (x86)\Microsoft Visual Studio 12.0\VC\bin\link.exe /ERRORREPORT:PROMPT /OUT:"C:\Users\FenXy\Desktop\ECS279_Assignment1_Yiran_Wang\ECS279_Assignment1_Yiran_Wang\IkGlui\Release\IkGlui.exe" /INCREMENTAL:NO /NOLOGO kernel32.lib user32.lib gdi32.lib winspool.lib comdlg32.lib advapi32.lib shell32.lib ole32.lib oleaut32.lib uuid.lib odbc32.lib odbccp32.lib /MANIFEST /MANIFESTUAC:"level='asInvoker' uiAccess='false'" /manifest:embed /DEBUG /PDB:"C:\Users\FenXy\Desktop\ECS279_Assignment1_Yiran_Wang\ECS279_Assignment1_Yiran_Wang\IkGlui\Release\IkGlui.pdb" /SUBSYSTEM:CONSOLE /OPT:REF /OPT:ICF /LTCG /TLBID:1 /DYNAMICBASE /NXCOMPAT /IMPLIB:"C:\Users\FenXy\Desktop\ECS279_Assignment1_Yiran_Wang\ECS279_Assignment1_Yiran_Wang\IkGlui\Release\IkGlui.lib" /MACHINE:X86 /SAFESEH Release\IKTest.obj
         Release\stdafx.obj
         Generating code
         Finished generating code
     1>glui32.lib(glui.obj) : warning LNK4099: PDB 'vc80.pdb' was not found with 'glui32.lib(glui.obj)' or at 'C:\Users\FenXy\Desktop\ECS279_Assignment1_Yiran_Wang\ECS279_Assignment1_Yiran_Wang\IkGlui\Release\vc80.pdb'; linking object as if no debug info
     1>glui32.lib(glui_bitmap_img_data.obj) : warning LNK4099: PDB 'vc80.pdb' was not found with 'glui32.lib(glui_bitmap_img_data.obj)' or at 'C:\Users\FenXy\Desktop\ECS279_Assignment1_Yiran_Wang\ECS279_Assignment1_Yiran_Wang\IkGlui\Release\vc80.pdb'; linking object as if no debug info
     1>glui32.lib(glui_bitmaps.obj) : warning LNK4099: PDB 'vc80.pdb' was not found with 'glui32.lib(glui_bitmaps.obj)' or at 'C:\Users\FenXy\Desktop\ECS279_Assignment1_Yiran_Wang\ECS279_Assignment1_Yiran_Wang\IkGlui\Release\vc80.pdb'; linking object as if no debug info
     1>glui32.lib(glui_control.obj) : warning LNK4099: PDB 'vc80.pdb' was not found with 'glui32.lib(glui_control.obj)' or at 'C:\Users\FenXy\Desktop\ECS279_Assignment1_Yiran_Wang\ECS279_Assignment1_Yiran_Wang\IkGlui\Release\vc80.pdb'; linking object as if no debug info
     1>glui32.lib(glui_node.obj) : warning LNK4099: PDB 'vc80.pdb' was not found with 'glui32.lib(glui_node.obj)' or at 'C:\Users\FenXy\Desktop\ECS279_Assignment1_Yiran_Wang\ECS279_Assignment1_Yiran_Wang\IkGlui\Release\vc80.pdb'; linking object as if no debug info
     1>glui32.lib(glui_panel.obj) : warning LNK4099: PDB 'vc80.pdb' was not found with 'glui32.lib(glui_panel.obj)' or at 'C:\Users\FenXy\Desktop\ECS279_Assignment1_Yiran_Wang\ECS279_Assignment1_Yiran_Wang\IkGlui\Release\vc80.pdb'; linking object as if no debug info
         IkGlui.vcxproj -> C:\Users\FenXy\Desktop\ECS279_Assignment1_Yiran_Wang\ECS279_Assignment1_Yiran_Wang\IkGlui\Release\IkGlui.exe
     1>Done Building Project "C:\Users\FenXy\Desktop\ECS279_Assignment1_Yiran_Wang\ECS279_Assignment1_Yiran_Wang\IkGlui\IkGlui\IkGlui.vcxproj" (Build target(s)).

Build succeeded.

Time Elapsed 00:00:01.59
